{"target": 0.2282546326558851, "params": {"act": 1.2468957940606964, "b": 742.0870893896954}, "datetime": {"datetime": "2023-12-06 19:39:22", "elapsed": 0.0, "delta": 0.0}}
{"target": 0.8347247964294834, "params": {"act": 0.00034198070386121104, "b": 320.7512332128945}, "datetime": {"datetime": "2023-12-06 19:39:26", "elapsed": 4.56829, "delta": 4.56829}}
{"target": 0.8874238801474015, "params": {"act": 0.43880011354316806, "b": 109.07730352694819}, "datetime": {"datetime": "2023-12-06 19:39:34", "elapsed": 12.648603, "delta": 8.080313}}
{"target": 0.830843630278068, "params": {"act": 0.5569180320192361, "b": 364.32521285939214}, "datetime": {"datetime": "2023-12-06 19:39:39", "elapsed": 17.577347, "delta": 4.928744}}
{"target": 0.2971388843913817, "params": {"act": 1.1863347479497033, "b": 559.1272678753838}, "datetime": {"datetime": "2023-12-06 19:39:44", "elapsed": 21.934897, "delta": 4.35755}}
{"target": 0.6723420061124121, "params": {"act": 0.8204842003337971, "b": 1024.0}, "datetime": {"datetime": "2023-12-06 19:39:47", "elapsed": 24.7575, "delta": 2.822603}}
{"target": 0.7668854127162056, "params": {"act": 1.703943732789047, "b": 108.63361264445793}, "datetime": {"datetime": "2023-12-06 19:39:56", "elapsed": 33.899035, "delta": 9.141535}}
{"target": 0.866365079478926, "params": {"act": 0.01759213425476119, "b": 112.93857760722555}, "datetime": {"datetime": "2023-12-06 19:40:04", "elapsed": 42.324704, "delta": 8.425669}}
{"target": 0.4701809490018961, "params": {"act": 1.4001496534826143, "b": 327.6563870388686}, "datetime": {"datetime": "2023-12-06 19:40:09", "elapsed": 46.955196, "delta": 4.630492}}
{"target": 0.8177098442590294, "params": {"act": 0.8056224791845825, "b": 314.8983967176846}, "datetime": {"datetime": "2023-12-06 19:40:13", "elapsed": 51.483907, "delta": 4.528711}}
{"target": 0.37263650549085897, "params": {"act": 1.8333674631746746, "b": 370.8708880083273}, "datetime": {"datetime": "2023-12-06 19:40:18", "elapsed": 55.728537, "delta": 4.24463}}
{"target": 0.8273415559265839, "params": {"act": 0.0, "b": 359.29186318649164}, "datetime": {"datetime": "2023-12-06 19:40:22", "elapsed": 59.786381, "delta": 4.057844}}
{"target": 0.837540429426095, "params": {"act": 2.99, "b": 352.8906303800838}, "datetime": {"datetime": "2023-12-06 19:40:26", "elapsed": 63.828197, "delta": 4.041816}}
{"target": 0.8280350056507142, "params": {"act": 0.0, "b": 347.1603346982954}, "datetime": {"datetime": "2023-12-06 19:40:30", "elapsed": 67.846976, "delta": 4.018779}}
{"target": 0.8344185667828222, "params": {"act": 2.7530132313753874, "b": 341.59738263915835}, "datetime": {"datetime": "2023-12-06 19:40:34", "elapsed": 72.008649, "delta": 4.161673}}
{"target": 0.8326062264009941, "params": {"act": 0.053907472918272276, "b": 306.59311071084477}, "datetime": {"datetime": "2023-12-06 19:40:38", "elapsed": 76.363075, "delta": 4.354426}}
{"target": 0.8442074713332495, "params": {"act": 2.99, "b": 300.0479827471994}, "datetime": {"datetime": "2023-12-06 19:40:43", "elapsed": 80.764864, "delta": 4.401789}}
{"target": 0.833669860075663, "params": {"act": 0.0, "b": 293.5482759571715}, "datetime": {"datetime": "2023-12-06 19:40:47", "elapsed": 85.128013, "delta": 4.363149}}
{"target": 0.8535387390325744, "params": {"act": 2.9174052288533923, "b": 286.4510303711722}, "datetime": {"datetime": "2023-12-06 19:40:51", "elapsed": 89.585802, "delta": 4.457789}}
{"target": 0.8426418021456982, "params": {"act": 0.05430538136912939, "b": 279.8102944110792}, "datetime": {"datetime": "2023-12-06 19:40:56", "elapsed": 94.10502, "delta": 4.519218}}
{"target": 0.8556734153141996, "params": {"act": 2.921705434141069, "b": 272.6866269911296}, "datetime": {"datetime": "2023-12-06 19:41:00", "elapsed": 98.681146, "delta": 4.576126}}
{"target": 0.8437700575303684, "params": {"act": 0.5638288872956481, "b": 265.82832318712735}, "datetime": {"datetime": "2023-12-06 19:41:06", "elapsed": 103.757253, "delta": 5.076107}}
{"target": 0.8410776716436812, "params": {"act": 2.817666197246708, "b": 258.1831487384056}, "datetime": {"datetime": "2023-12-06 19:41:10", "elapsed": 108.353528, "delta": 4.596275}}
{"target": 0.8424326810488036, "params": {"act": 0.2868590171054418, "b": 250.79113842101043}, "datetime": {"datetime": "2023-12-06 19:41:15", "elapsed": 113.027969, "delta": 4.674441}}
{"target": 0.8466675013635306, "params": {"act": 2.719169204061169, "b": 243.4173772241751}, "datetime": {"datetime": "2023-12-06 19:41:20", "elapsed": 117.894712, "delta": 4.866743}}
{"target": 0.8333096273487829, "params": {"act": 0.013015532912926918, "b": 236.2956733555095}, "datetime": {"datetime": "2023-12-06 19:41:24", "elapsed": 122.699851, "delta": 4.805139}}
{"target": 0.8357199000061503, "params": {"act": 2.8041366763371305, "b": 228.35880478099241}, "datetime": {"datetime": "2023-12-06 19:41:29", "elapsed": 127.633911, "delta": 4.93406}}
{"target": 0.8551253931362657, "params": {"act": 0.5855414248605126, "b": 220.6505840548697}, "datetime": {"datetime": "2023-12-06 19:41:34", "elapsed": 132.66371, "delta": 5.029799}}
{"target": 0.8610223394842287, "params": {"act": 2.7073762711422638, "b": 213.32335369435376}, "datetime": {"datetime": "2023-12-06 19:41:40", "elapsed": 137.713528, "delta": 5.049818}}
{"target": 0.8615945422169492, "params": {"act": 0.4127821612250259, "b": 206.2409878074257}, "datetime": {"datetime": "2023-12-06 19:41:45", "elapsed": 142.713135, "delta": 4.999607}}
{"target": 0.8588660471290789, "params": {"act": 2.695452721719308, "b": 199.31810272358047}, "datetime": {"datetime": "2023-12-06 19:41:50", "elapsed": 147.979465, "delta": 5.26633}}
{"target": 0.868769404017573, "params": {"act": 0.556997085185529, "b": 191.90851396608178}, "datetime": {"datetime": "2023-12-06 19:41:55", "elapsed": 153.385569, "delta": 5.406104}}
{"target": 0.8708620949782861, "params": {"act": 2.1469342174855144, "b": 185.01603670102148}, "datetime": {"datetime": "2023-12-06 19:42:01", "elapsed": 158.87722, "delta": 5.491651}}
{"target": 0.8633344481310697, "params": {"act": 0.09874984552961266, "b": 178.11044058241413}, "datetime": {"datetime": "2023-12-06 19:42:06", "elapsed": 164.377155, "delta": 5.499935}}
{"target": 0.8753146686865652, "params": {"act": 2.7116838634528406, "b": 170.59661741000045}, "datetime": {"datetime": "2023-12-06 19:42:12", "elapsed": 170.126938, "delta": 5.749783}}
{"target": 0.8712982158884491, "params": {"act": 0.22768634232409304, "b": 163.70702179597114}, "datetime": {"datetime": "2023-12-06 19:42:18", "elapsed": 175.993551, "delta": 5.866613}}
{"target": 0.8534283627546625, "params": {"act": 2.916435930222238, "b": 156.55513485165196}, "datetime": {"datetime": "2023-12-06 19:42:24", "elapsed": 182.013905, "delta": 6.020354}}
{"target": 0.8640328677801239, "params": {"act": 0.5585287219849383, "b": 148.94913212480296}, "datetime": {"datetime": "2023-12-06 19:42:30", "elapsed": 188.178291, "delta": 6.164386}}
{"target": 0.8762537975978455, "params": {"act": 2.236699048530547, "b": 141.64811114962762}, "datetime": {"datetime": "2023-12-06 19:42:36", "elapsed": 194.431367, "delta": 6.253076}}
{"target": 0.8744355853304517, "params": {"act": 0.03741316542596772, "b": 134.60418088432272}, "datetime": {"datetime": "2023-12-06 19:42:43", "elapsed": 201.117124, "delta": 6.685757}}
{"target": 0.8842917611545831, "params": {"act": 2.4815349386111913, "b": 127.62085705886814}, "datetime": {"datetime": "2023-12-06 19:42:50", "elapsed": 207.946182, "delta": 6.829058}}
{"target": 0.880725491764298, "params": {"act": 0.07629950681133794, "b": 121.09628917843726}, "datetime": {"datetime": "2023-12-06 19:42:57", "elapsed": 215.038468, "delta": 7.092286}}
{"target": 0.7338463493513393, "params": {"act": 2.638160212693263, "b": 862.9923888824069}, "datetime": {"datetime": "2023-12-06 19:43:00", "elapsed": 217.906561, "delta": 2.868093}}
{"target": 0.7901744086734983, "params": {"act": 0.7031946698555109, "b": 462.4171289656526}, "datetime": {"datetime": "2023-12-06 19:43:03", "elapsed": 221.474894, "delta": 3.568333}}
{"target": 0.7372248505028569, "params": {"act": 0.7877821628045251, "b": 641.4363143018542}, "datetime": {"datetime": "2023-12-06 19:43:06", "elapsed": 224.639891, "delta": 3.164997}}
{"target": 0.11922029427309248, "params": {"act": 1.211967161879882, "b": 935.1857359406324}, "datetime": {"datetime": "2023-12-06 19:43:09", "elapsed": 227.544128, "delta": 2.904237}}
{"target": 0.3132390203526267, "params": {"act": 1.1563097240869096, "b": 483.7853026740632}, "datetime": {"datetime": "2023-12-06 19:43:13", "elapsed": 231.222186, "delta": 3.678058}}
{"target": 0.36037178993872726, "params": {"act": 1.2149280956068516, "b": 443.87101584897226}, "datetime": {"datetime": "2023-12-06 19:43:17", "elapsed": 235.101109, "delta": 3.878923}}
{"target": 0.9000182814188644, "params": {"act": 1.1875714669160042, "b": 16.00507428977985}, "datetime": {"datetime": "2023-12-06 19:43:51", "elapsed": 269.546097, "delta": 34.444988}}
{"target": 0.8775685810099052, "params": {"act": 1.811688055809564, "b": 28.32564594522009}, "datetime": {"datetime": "2023-12-06 19:44:13", "elapsed": 291.098947, "delta": 21.55285}}
{"target": 0.8851933789566685, "params": {"act": 0.14831721183321916, "b": 42.80230381790658}, "datetime": {"datetime": "2023-12-06 19:44:28", "elapsed": 306.410838, "delta": 15.311891}}
{"target": 0.9045860858961431, "params": {"act": 2.323897949595267, "b": 56.13287532206391}, "datetime": {"datetime": "2023-12-06 19:44:41", "elapsed": 319.429301, "delta": 13.018463}}
{"target": 0.8861270870011044, "params": {"act": 0.7119760814662277, "b": 68.59048388508222}, "datetime": {"datetime": "2023-12-06 19:44:51", "elapsed": 329.539518, "delta": 10.110217}}
{"target": 0.8746871533349626, "params": {"act": 0.03726701720792158, "b": 82.4730100936445}, "datetime": {"datetime": "2023-12-06 19:45:01", "elapsed": 339.010333, "delta": 9.470815}}
{"target": 0.7118864806965656, "params": {"act": 0.6358320067059597, "b": 807.7336796183168}, "datetime": {"datetime": "2023-12-06 19:45:04", "elapsed": 341.908702, "delta": 2.898369}}
{"target": 0.7006999098308003, "params": {"act": 0.25547873282085226, "b": 686.4888816130316}, "datetime": {"datetime": "2023-12-06 19:45:07", "elapsed": 345.19089, "delta": 3.282188}}
{"target": 0.7066537246848148, "params": {"act": 2.775776282057624, "b": 983.388031119133}, "datetime": {"datetime": "2023-12-06 19:45:11", "elapsed": 349.115489, "delta": 3.924599}}
{"target": 0.7838646340181012, "params": {"act": 2.9292644870755513, "b": 605.2891090517589}, "datetime": {"datetime": "2023-12-06 19:45:15", "elapsed": 353.332651, "delta": 4.217162}}
{"target": 0.8842209115371057, "params": {"act": 0.0, "b": 93.87707048063706}, "datetime": {"datetime": "2023-12-06 19:45:24", "elapsed": 362.321271, "delta": 8.98862}}
{"target": 0.6789415899751086, "params": {"act": 0.1476546168107477, "b": 893.7991908406714}, "datetime": {"datetime": "2023-12-06 19:45:27", "elapsed": 365.554219, "delta": 3.232948}}
{"target": 0.7790873248659961, "params": {"act": 0.40083816975279524, "b": 521.444792320239}, "datetime": {"datetime": "2023-12-06 19:45:31", "elapsed": 369.203338, "delta": 3.649119}}
{"target": 0.6512787937559137, "params": {"act": 0.0, "b": 836.2543828877004}, "datetime": {"datetime": "2023-12-06 19:45:34", "elapsed": 372.206011, "delta": 3.002673}}
{"target": 0.7573506206031541, "params": {"act": 2.434537704990189, "b": 779.1576878556864}, "datetime": {"datetime": "2023-12-06 19:45:37", "elapsed": 375.497192, "delta": 3.291181}}
{"target": 0.8006441618319677, "params": {"act": 0.0, "b": 408.1519366342368}, "datetime": {"datetime": "2023-12-06 19:45:41", "elapsed": 379.664626, "delta": 4.167434}}
{"target": 0.7864854322337702, "params": {"act": 0.23473412678024727, "b": 588.5692577576926}, "datetime": {"datetime": "2023-12-06 19:45:45", "elapsed": 383.13269, "delta": 3.468064}}
{"target": 0.7627738483597606, "params": {"act": 2.99, "b": 710.2324921828817}, "datetime": {"datetime": "2023-12-06 19:45:48", "elapsed": 386.454481, "delta": 3.321791}}
{"target": 0.7531460923824352, "params": {"act": 2.8461014239597544, "b": 662.5974413935093}, "datetime": {"datetime": "2023-12-06 19:45:52", "elapsed": 390.119623, "delta": 3.665142}}
{"target": 0.7540682627789457, "params": {"act": 0.0, "b": 621.4484364487786}, "datetime": {"datetime": "2023-12-06 19:45:56", "elapsed": 393.763956, "delta": 3.644333}}
{"target": 0.6703371420157743, "params": {"act": 0.19844053939505907, "b": 963.699338642383}, "datetime": {"datetime": "2023-12-06 19:45:58", "elapsed": 396.496551, "delta": 2.732595}}
{"target": 0.6411231890041912, "params": {"act": 0.0, "b": 1002.8266147521006}, "datetime": {"datetime": "2023-12-06 19:46:00", "elapsed": 398.704249, "delta": 2.207698}}
{"target": 0.8055830307401777, "params": {"act": 2.957263116134611, "b": 395.16060082084255}, "datetime": {"datetime": "2023-12-06 19:46:04", "elapsed": 402.379158, "delta": 3.674909}}
{"target": 0.7881585945401722, "params": {"act": 2.99, "b": 420.6785713167205}, "datetime": {"datetime": "2023-12-06 19:46:07", "elapsed": 405.644718, "delta": 3.26556}}
{"target": 0.8715909921014813, "params": {"act": 2.8635519916362964, "b": 49.674732890314864}, "datetime": {"datetime": "2023-12-06 19:46:20", "elapsed": 418.63629, "delta": 12.991572}}
{"target": 0.7797640652200927, "params": {"act": 2.99, "b": 507.77831927492343}, "datetime": {"datetime": "2023-12-06 19:46:24", "elapsed": 421.810864, "delta": 3.174574}}
{"target": 0.7956362336830424, "params": {"act": 2.99, "b": 535.1171794450369}, "datetime": {"datetime": "2023-12-06 19:46:27", "elapsed": 424.806418, "delta": 2.995554}}
{"target": 0.8831374344584997, "params": {"act": 2.99, "b": 35.96717822912203}, "datetime": {"datetime": "2023-12-06 19:46:43", "elapsed": 441.26784, "delta": 16.461422}}
{"target": 0.7306312879132612, "params": {"act": 0.013211002490646093, "b": 765.8131073749722}, "datetime": {"datetime": "2023-12-06 19:46:46", "elapsed": 443.82759, "delta": 2.55975}}
{"target": 0.7444692490725808, "params": {"act": 0.0, "b": 792.4821913223038}, "datetime": {"datetime": "2023-12-06 19:46:48", "elapsed": 446.35329, "delta": 2.5257}}
{"target": 0.7058441480939253, "params": {"act": 2.8548298836797565, "b": 910.3847641251423}, "datetime": {"datetime": "2023-12-06 19:46:51", "elapsed": 448.908534, "delta": 2.555244}}
{"target": 0.8720264208391061, "params": {"act": 2.9288937509424224, "b": 75.41574305204381}, "datetime": {"datetime": "2023-12-06 19:47:00", "elapsed": 457.974537, "delta": 9.066003}}
{"target": 0.756383585930421, "params": {"act": 2.8920701832988867, "b": 877.3064364772654}, "datetime": {"datetime": "2023-12-06 19:47:02", "elapsed": 460.497101, "delta": 2.522564}}
{"target": 0.7588819093042523, "params": {"act": 2.99, "b": 821.2404272979483}, "datetime": {"datetime": "2023-12-06 19:47:05", "elapsed": 463.090493, "delta": 2.593392}}
{"target": 0.7357974701223934, "params": {"act": 0.13062925113863766, "b": 721.7633842398634}, "datetime": {"datetime": "2023-12-06 19:47:08", "elapsed": 465.712995, "delta": 2.622502}}
{"target": 0.798325219461516, "params": {"act": 2.881923597113358, "b": 578.2569220707485}, "datetime": {"datetime": "2023-12-06 19:47:11", "elapsed": 468.786928, "delta": 3.073933}}
{"target": 0.8933780371921547, "params": {"act": 2.969552602715926, "b": 62.46360960362291}, "datetime": {"datetime": "2023-12-06 19:47:21", "elapsed": 479.500837, "delta": 10.713909}}
{"target": 0.7503106062739732, "params": {"act": 2.99, "b": 850.4775534632806}, "datetime": {"datetime": "2023-12-06 19:47:24", "elapsed": 482.076057, "delta": 2.57522}}
{"target": 0.7461596604313588, "params": {"act": 0.0, "b": 699.4259092452493}, "datetime": {"datetime": "2023-12-06 19:47:27", "elapsed": 484.724261, "delta": 2.648204}}
{"target": 0.9109702998709637, "params": {"act": 2.9622997522708707, "b": 21.23047775512628}, "datetime": {"datetime": "2023-12-06 19:47:53", "elapsed": 510.893958, "delta": 26.169697}}
{"target": 0.7486083481104698, "params": {"act": 0.15586692933592983, "b": 673.873029912957}, "datetime": {"datetime": "2023-12-06 19:47:56", "elapsed": 513.715856, "delta": 2.821898}}
{"target": 0.8792822107555063, "params": {"act": 2.9483791240695005, "b": 89.37936289723217}, "datetime": {"datetime": "2023-12-06 19:48:04", "elapsed": 522.066903, "delta": 8.351047}}
{"target": 0.7615325645682345, "params": {"act": 0.10573350333855645, "b": 653.1002545310222}, "datetime": {"datetime": "2023-12-06 19:48:07", "elapsed": 524.8722, "delta": 2.805297}}
{"target": 0.8458950016986865, "params": {"act": 0.0, "b": 101.2116219555837}, "datetime": {"datetime": "2023-12-06 19:48:14", "elapsed": 532.414906, "delta": 7.542706}}
{"target": 0.7750765692566265, "params": {"act": 2.8899874490115525, "b": 630.7776655575244}, "datetime": {"datetime": "2023-12-06 19:48:17", "elapsed": 535.298227, "delta": 2.883321}}
{"target": 0.7698990669273027, "params": {"act": 0.28462291947809654, "b": 596.851699968289}, "datetime": {"datetime": "2023-12-06 19:48:20", "elapsed": 538.141403, "delta": 2.843176}}
{"target": 0.6312816507389163, "params": {"act": 0.0, "b": 542.8209914433183}, "datetime": {"datetime": "2023-12-06 19:48:23", "elapsed": 541.208253, "delta": 3.06685}}
{"target": 0.9018005542258146, "params": {"act": 0.13432382667398715, "b": 21.837144844531373}, "datetime": {"datetime": "2023-12-06 19:48:49", "elapsed": 567.028534, "delta": 25.820281}}
{"target": 0.8880548362156409, "params": {"act": 0.1594349295085072, "b": 60.85092975952787}, "datetime": {"datetime": "2023-12-06 19:48:59", "elapsed": 577.527488, "delta": 10.498954}}
{"target": 0.7825100278815111, "params": {"act": 0.0, "b": 499.93512836012593}, "datetime": {"datetime": "2023-12-06 19:49:03", "elapsed": 580.77852, "delta": 3.251032}}
{"target": 0.7948731074603647, "params": {"act": 2.7739791870504815, "b": 613.7015453773685}, "datetime": {"datetime": "2023-12-06 19:49:06", "elapsed": 583.877751, "delta": 3.099231}}
{"target": 0.7707267273749446, "params": {"act": 0.1780919736693853, "b": 529.3659793814733}, "datetime": {"datetime": "2023-12-06 19:49:09", "elapsed": 586.982294, "delta": 3.104543}}
{"target": 0.900467498278441, "params": {"act": 0.0, "b": 34.03241458546771}, "datetime": {"datetime": "2023-12-06 19:49:25", "elapsed": 603.687623, "delta": 16.705329}}
{"target": 0.802351809191492, "params": {"act": 0.19993483711296245, "b": 427.8973835239698}, "datetime": {"datetime": "2023-12-06 19:49:29", "elapsed": 607.046197, "delta": 3.358574}}
{"target": 0.8283668470682194, "params": {"act": 2.8640240670623784, "b": 402.54549915026115}, "datetime": {"datetime": "2023-12-06 19:49:32", "elapsed": 610.459042, "delta": 3.412845}}
{"target": 0.8661072038707017, "params": {"act": 0.0015416978938726312, "b": 52.481475183368275}, "datetime": {"datetime": "2023-12-06 19:49:44", "elapsed": 622.617877, "delta": 12.158835}}
{"target": 0.7036705707275339, "params": {"act": 2.8607014656394876, "b": 974.227332407093}, "datetime": {"datetime": "2023-12-06 19:49:47", "elapsed": 625.136582, "delta": 2.518705}}
{"target": 0.7415526520433777, "params": {"act": 2.7857174101253706, "b": 1013.9604920358502}, "datetime": {"datetime": "2023-12-06 19:49:49", "elapsed": 627.586037, "delta": 2.449455}}
{"target": 0.883792416387801, "params": {"act": 0.021491747931881314, "b": 88.17279256791652}, "datetime": {"datetime": "2023-12-06 19:49:58", "elapsed": 636.167696, "delta": 8.581659}}
{"target": 0.8679935457128126, "params": {"act": 2.8961209488662405, "b": 135.61164997909702}, "datetime": {"datetime": "2023-12-06 19:50:04", "elapsed": 642.423345, "delta": 6.255649}}
{"target": 0.6963120735890437, "params": {"act": 2.819268332127233, "b": 952.5886895370545}, "datetime": {"datetime": "2023-12-06 19:50:07", "elapsed": 644.85838, "delta": 2.435035}}
{"target": 0.8061984733263554, "params": {"act": 2.8436447772187328, "b": 468.9802543866645}, "datetime": {"datetime": "2023-12-06 19:50:10", "elapsed": 648.298411, "delta": 3.440031}}
{"target": 0.8798883608775263, "params": {"act": 0.05943152103201488, "b": 127.3930565652468}, "datetime": {"datetime": "2023-12-06 19:50:17", "elapsed": 654.938251, "delta": 6.63984}}
{"target": 0.8250213639594929, "params": {"act": 0.08642461107036098, "b": 387.93435328551067}, "datetime": {"datetime": "2023-12-06 19:50:20", "elapsed": 658.519456, "delta": 3.581205}}
{"target": 0.8897861653379211, "params": {"act": 0.0, "b": 74.42436705303466}, "datetime": {"datetime": "2023-12-06 19:50:29", "elapsed": 667.684456, "delta": 9.165}}
{"target": 0.8602498419527851, "params": {"act": 0.021916343614606815, "b": 169.53242195688713}, "datetime": {"datetime": "2023-12-06 19:50:35", "elapsed": 673.158912, "delta": 5.474456}}
{"target": 0.8730983475587148, "params": {"act": 2.9843523194250867, "b": 176.67065752910224}, "datetime": {"datetime": "2023-12-06 19:50:40", "elapsed": 678.479659, "delta": 5.320747}}
{"target": 0.7883565883560707, "params": {"act": 0.03565847020831841, "b": 514.3198190889307}, "datetime": {"datetime": "2023-12-06 19:50:43", "elapsed": 681.580255, "delta": 3.100596}}
{"target": 0.8880020222302459, "params": {"act": 2.9358900182629037, "b": 40.9284079750885}, "datetime": {"datetime": "2023-12-06 19:50:58", "elapsed": 696.235386, "delta": 14.655131}}
{"target": 0.8968612944636456, "params": {"act": 0.12207826600334672, "b": 38.479715268580165}, "datetime": {"datetime": "2023-12-06 19:51:13", "elapsed": 711.535695, "delta": 15.300309}}
{"target": 0.8659883913224486, "params": {"act": 2.99, "b": 164.89082281678947}, "datetime": {"datetime": "2023-12-06 19:51:19", "elapsed": 717.266105, "delta": 5.73041}}
{"target": 0.8279229262989529, "params": {"act": 2.91375432075727, "b": 361.53791305476705}, "datetime": {"datetime": "2023-12-06 19:51:23", "elapsed": 721.084288, "delta": 3.818183}}
