{"target": 0.8278253990660802, "params": {"act": 0.008213439479991017, "b": 213.92858858026815}, "datetime": {"datetime": "2023-12-06 19:51:28", "elapsed": 725.868024, "delta": 4.783736}}
{"target": 0.849030572306736, "params": {"act": 2.99, "b": 190.2983961948252}, "datetime": {"datetime": "2023-12-06 19:51:33", "elapsed": 730.872997, "delta": 5.004973}}
{"target": 0.8560788139534496, "params": {"act": 2.8913525168711876, "b": 146.4454460357711}, "datetime": {"datetime": "2023-12-06 19:51:39", "elapsed": 736.790836, "delta": 5.917839}}
{"target": 0.8451161164191486, "params": {"act": 0.05961435507826544, "b": 198.74002369158953}, "datetime": {"datetime": "2023-12-06 19:51:43", "elapsed": 741.692381, "delta": 4.901545}}
{"target": 0.8148972238160939, "params": {"act": 0.0, "b": 399.1189696482735}, "datetime": {"datetime": "2023-12-06 19:51:47", "elapsed": 745.243473, "delta": 3.551092}}
{"target": 0.6776962939106949, "params": {"act": 0.0, "b": 870.6355781607597}, "datetime": {"datetime": "2023-12-06 19:51:49", "elapsed": 747.703763, "delta": 2.46029}}
{"target": 0.7572456099578599, "params": {"act": 2.99, "b": 885.0481961622564}, "datetime": {"datetime": "2023-12-06 19:51:52", "elapsed": 750.119945, "delta": 2.416182}}
{"target": 0.8932123011837743, "params": {"act": 2.99, "b": 83.85973454889013}, "datetime": {"datetime": "2023-12-06 19:52:01", "elapsed": 759.545295, "delta": 9.42535}}
{"target": 0.920669283953145, "params": {"act": 2.9332503904331175, "b": 17.824160440287127}, "datetime": {"datetime": "2023-12-06 19:52:44", "elapsed": 801.794789, "delta": 42.249494}}
{"target": 0.858168485271898, "params": {"act": 0.008609935438761816, "b": 157.7229386684369}, "datetime": {"datetime": "2023-12-06 19:52:51", "elapsed": 809.478327, "delta": 7.683538}}
{"target": 0.864945677402009, "params": {"act": 0.055014310948844895, "b": 143.8191470821069}, "datetime": {"datetime": "2023-12-06 19:53:00", "elapsed": 818.104482, "delta": 8.626155}}
{"target": 0.8601382975115079, "params": {"act": 2.9750556696759776, "b": 208.31906137439802}, "datetime": {"datetime": "2023-12-06 19:53:06", "elapsed": 824.617429, "delta": 6.512947}}
{"target": 0.8100117743029671, "params": {"act": 2.9747194497136533, "b": 345.8942109818245}, "datetime": {"datetime": "2023-12-06 19:53:12", "elapsed": 829.740912, "delta": 5.123483}}
{"target": 0.8486580804982271, "params": {"act": 0.0, "b": 272.3543694306062}, "datetime": {"datetime": "2023-12-06 19:53:17", "elapsed": 835.185788, "delta": 5.444876}}
{"target": 0.8824562640349448, "params": {"act": 2.950991271330652, "b": 122.99092079801905}, "datetime": {"datetime": "2023-12-06 19:53:27", "elapsed": 844.777042, "delta": 9.591254}}
{"target": 0.9182728792329273, "params": {"act": 0.11515921232572902, "b": 18.941554663591106}, "datetime": {"datetime": "2023-12-06 19:54:02", "elapsed": 880.06731, "delta": 35.290268}}
{"target": 0.8575515923601233, "params": {"act": 0.03454302926063492, "b": 186.81983948021897}, "datetime": {"datetime": "2023-12-06 19:54:07", "elapsed": 885.637306, "delta": 5.569996}}
{"target": 0.89849188663522, "params": {"act": 2.8350549961011886, "b": 70.91917273281874}, "datetime": {"datetime": "2023-12-06 19:54:18", "elapsed": 896.334996, "delta": 10.69769}}
{"target": 0.8499305663887029, "params": {"act": 2.9020393171719743, "b": 220.5927288723284}, "datetime": {"datetime": "2023-12-06 19:54:23", "elapsed": 901.538564, "delta": 5.203568}}
{"target": 0.8493313652395734, "params": {"act": 0.08038436616547379, "b": 225.79782055328883}, "datetime": {"datetime": "2023-12-06 19:54:28", "elapsed": 906.433315, "delta": 4.894751}}
{"target": 0.8794964368694579, "params": {"act": 2.8271725799985106, "b": 59.59363922738823}, "datetime": {"datetime": "2023-12-06 19:54:40", "elapsed": 918.327262, "delta": 11.893947}}
{"target": 0.8466829250029418, "params": {"act": 2.965581515344269, "b": 278.00248133661734}, "datetime": {"datetime": "2023-12-06 19:54:45", "elapsed": 923.418872, "delta": 5.09161}}
{"target": 0.8688517983677271, "params": {"act": 2.9255224677833334, "b": 66.55918385629599}, "datetime": {"datetime": "2023-12-06 19:54:56", "elapsed": 934.020358, "delta": 10.601486}}
{"target": 0.8272136914138724, "params": {"act": 0.0, "b": 300.56362972907806}, "datetime": {"datetime": "2023-12-06 19:55:00", "elapsed": 938.580991, "delta": 4.560633}}
{"target": 0.8479321219360537, "params": {"act": 2.977894378387361, "b": 249.6238609497544}, "datetime": {"datetime": "2023-12-06 19:55:05", "elapsed": 943.36646, "delta": 4.785469}}
{"target": 0.8170421616912273, "params": {"act": 0.0, "b": 245.22607449807603}, "datetime": {"datetime": "2023-12-06 19:55:10", "elapsed": 948.30321, "delta": 4.93675}}
{"target": 0.8200296071720079, "params": {"act": 2.9382193885074477, "b": 412.77237173927773}, "datetime": {"datetime": "2023-12-06 19:55:14", "elapsed": 952.087624, "delta": 3.784414}}
{"target": 0.8827760439117475, "params": {"act": 0.1248831165820743, "b": 139.11994483565215}, "datetime": {"datetime": "2023-12-06 19:55:21", "elapsed": 958.782283, "delta": 6.694659}}
{"target": 0.9043259529284287, "params": {"act": 2.942015528172926, "b": 53.99212661437252}, "datetime": {"datetime": "2023-12-06 19:55:34", "elapsed": 971.963999, "delta": 13.181716}}
{"target": 0.7456526398643916, "params": {"act": 2.9732702617225373, "b": 799.3452036263751}, "datetime": {"datetime": "2023-12-06 19:55:37", "elapsed": 975.140976, "delta": 3.176977}}
{"target": 0.8448018480314969, "params": {"act": 2.8632163972809415, "b": 181.00647871007618}, "datetime": {"datetime": "2023-12-06 19:55:43", "elapsed": 981.044016, "delta": 5.90304}}
{"target": 0.8699594381801241, "params": {"act": 0.020214263406049985, "b": 107.64316091219338}, "datetime": {"datetime": "2023-12-06 19:55:51", "elapsed": 988.973506, "delta": 7.92949}}
{"target": 0.8862519251078742, "params": {"act": 2.9626062729063736, "b": 95.49706042842105}, "datetime": {"datetime": "2023-12-06 19:56:00", "elapsed": 997.78965, "delta": 8.816144}}
{"target": 0.7028040773338808, "params": {"act": 0.06002384557762011, "b": 992.1819072423084}, "datetime": {"datetime": "2023-12-06 19:56:02", "elapsed": 1000.636132, "delta": 2.846482}}
{"target": 0.8423565828369677, "params": {"act": 0.0, "b": 287.14521677274155}, "datetime": {"datetime": "2023-12-06 19:56:07", "elapsed": 1005.606867, "delta": 4.970735}}
{"target": 0.8557018112557925, "params": {"act": 2.9722691412288404, "b": 235.49375279453383}, "datetime": {"datetime": "2023-12-06 19:56:15", "elapsed": 1013.384838, "delta": 7.777971}}
{"target": 0.8391708730328327, "params": {"act": 0.0, "b": 259.74565164163175}, "datetime": {"datetime": "2023-12-06 19:56:24", "elapsed": 1022.15165, "delta": 8.766812}}
{"target": 0.8482317807850475, "params": {"act": 2.971625337840817, "b": 291.4536247270591}, "datetime": {"datetime": "2023-12-06 19:56:29", "elapsed": 1027.010355, "delta": 4.858705}}
{"target": 0.7900020068349093, "params": {"act": 2.923591574336334, "b": 583.7626843074765}, "datetime": {"datetime": "2023-12-06 19:56:32", "elapsed": 1030.575967, "delta": 3.565612}}
{"target": 0.849863689380278, "params": {"act": 0.13937113164713721, "b": 174.28166693432092}, "datetime": {"datetime": "2023-12-06 19:56:39", "elapsed": 1037.222958, "delta": 6.646991}}
{"target": 0.8766729050437949, "params": {"act": 2.988385988264585, "b": 31.892436230187016}, "datetime": {"datetime": "2023-12-06 19:56:59", "elapsed": 1057.146081, "delta": 19.923123}}
{"target": 0.8485012265510541, "params": {"act": 2.99, "b": 203.63818904373014}, "datetime": {"datetime": "2023-12-06 19:57:04", "elapsed": 1062.661705, "delta": 5.515624}}
{"target": 0.9028948212054786, "params": {"act": 0.009496295036594037, "b": 31.071328602969423}, "datetime": {"datetime": "2023-12-06 19:57:25", "elapsed": 1083.482083, "delta": 20.820378}}
{"target": 0.8963617297214654, "params": {"act": 1.7806623263207115, "b": 19.23955768598004}, "datetime": {"datetime": "2023-12-06 19:57:57", "elapsed": 1114.754153, "delta": 31.27207}}
{"target": 0.8847340766586363, "params": {"act": 0.0, "b": 97.22751675613254}, "datetime": {"datetime": "2023-12-06 19:58:05", "elapsed": 1123.545176, "delta": 8.791023}}
{"target": 0.878908888800831, "params": {"act": 0.0, "b": 124.10195149494744}, "datetime": {"datetime": "2023-12-06 19:58:13", "elapsed": 1131.21771, "delta": 7.672534}}
{"target": 0.9255266509271444, "params": {"act": 2.9227485303600034, "b": 23.91415815826976}, "datetime": {"datetime": "2023-12-06 19:58:40", "elapsed": 1157.843719, "delta": 26.626009}}
{"target": 0.8140407130429077, "params": {"act": 0.030852936863377516, "b": 416.702550637768}, "datetime": {"datetime": "2023-12-06 19:58:43", "elapsed": 1161.607587, "delta": 3.763868}}
{"target": 0.9153508163739943, "params": {"act": 0.09350138907111745, "b": 24.63019912145039}, "datetime": {"datetime": "2023-12-06 19:59:09", "elapsed": 1186.84282, "delta": 25.235233}}
{"target": 0.9199482662570485, "params": {"act": 2.983531777147962, "b": 16.15440868276787}, "datetime": {"datetime": "2023-12-06 19:59:47", "elapsed": 1224.821647, "delta": 37.978827}}
{"target": 0.8929683508073782, "params": {"act": 0.0736688736232586, "b": 64.70832291086936}, "datetime": {"datetime": "2023-12-06 19:59:58", "elapsed": 1236.702657, "delta": 11.88101}}
{"target": 0.7069530744935717, "params": {"act": 0.13831772159539032, "b": 855.7418531574622}, "datetime": {"datetime": "2023-12-06 20:00:02", "elapsed": 1239.75588, "delta": 3.053223}}
{"target": 0.8720253039842435, "params": {"act": 0.09201415228938116, "b": 153.42679659666484}, "datetime": {"datetime": "2023-12-06 20:00:08", "elapsed": 1246.412622, "delta": 6.656742}}
{"target": 0.8703239721335496, "params": {"act": 0.0, "b": 110.27012403184732}, "datetime": {"datetime": "2023-12-06 20:00:17", "elapsed": 1254.764996, "delta": 8.352374}}
{"target": 0.7474480293898932, "params": {"act": 2.9269875968867614, "b": 117.44790983394401}, "datetime": {"datetime": "2023-12-06 20:00:25", "elapsed": 1263.024939, "delta": 8.259943}}
{"target": 0.7574955184324524, "params": {"act": 2.99, "b": 758.2170326353801}, "datetime": {"datetime": "2023-12-06 20:00:28", "elapsed": 1266.395503, "delta": 3.370564}}
{"target": 0.7645109516010474, "params": {"act": 2.849112462535407, "b": 786.2580353008625}, "datetime": {"datetime": "2023-12-06 20:00:31", "elapsed": 1269.525472, "delta": 3.129969}}
{"target": 0.8362049581513776, "params": {"act": 2.925608029281819, "b": 318.61901310689683}, "datetime": {"datetime": "2023-12-06 20:00:36", "elapsed": 1274.20634, "delta": 4.680868}}
{"target": 0.9071949738237377, "params": {"act": 2.988894370055113, "b": 45.249799790919084}, "datetime": {"datetime": "2023-12-06 20:00:52", "elapsed": 1290.032662, "delta": 15.826322}}
{"target": 0.6784810992230009, "params": {"act": 0.0, "b": 918.3239299919547}, "datetime": {"datetime": "2023-12-06 20:00:55", "elapsed": 1292.936015, "delta": 2.903353}}
{"target": 0.8476101072787854, "params": {"act": 2.971834698077545, "b": 308.953065770858}, "datetime": {"datetime": "2023-12-06 20:00:59", "elapsed": 1297.19861, "delta": 4.262595}}
{"target": 0.888670334772877, "params": {"act": 2.8910228705616525, "b": 80.05170354492279}, "datetime": {"datetime": "2023-12-06 20:01:08", "elapsed": 1306.415194, "delta": 9.216584}}
{"target": 0.7770456008477934, "params": {"act": 0.0, "b": 609.5863649514473}, "datetime": {"datetime": "2023-12-06 20:01:11", "elapsed": 1309.658998, "delta": 3.243804}}
{"target": 0.8483590277774183, "params": {"act": 2.8956513097545855, "b": 194.95396795168273}, "datetime": {"datetime": "2023-12-06 20:01:17", "elapsed": 1314.989267, "delta": 5.330269}}
{"target": 0.8478079338758182, "params": {"act": 0.0, "b": 231.31693608046774}, "datetime": {"datetime": "2023-12-06 20:01:22", "elapsed": 1319.828226, "delta": 4.838959}}
{"target": 0.8955749209497584, "params": {"act": 0.32492324112572046, "b": 71.28830057230962}, "datetime": {"datetime": "2023-12-06 20:01:31", "elapsed": 1329.320314, "delta": 9.492088}}
{"target": 0.8669107117188541, "params": {"act": 2.8442979681346547, "b": 151.3419230146529}, "datetime": {"datetime": "2023-12-06 20:01:37", "elapsed": 1335.541606, "delta": 6.221292}}
{"target": 0.8679714416707448, "params": {"act": 0.0, "b": 56.395791190693636}, "datetime": {"datetime": "2023-12-06 20:01:49", "elapsed": 1347.113056, "delta": 11.57145}}
{"target": 0.8919893486467068, "params": {"act": 0.4389719882289038, "b": 47.29419664761847}, "datetime": {"datetime": "2023-12-06 20:02:02", "elapsed": 1360.508878, "delta": 13.395822}}
{"target": 0.8740941467159699, "params": {"act": 2.8411949319638112, "b": 131.20744480184442}, "datetime": {"datetime": "2023-12-06 20:02:09", "elapsed": 1367.267738, "delta": 6.75886}}
{"target": 0.9059596259759767, "params": {"act": 2.99, "b": 25.077902821193987}, "datetime": {"datetime": "2023-12-06 20:02:32", "elapsed": 1389.911531, "delta": 22.643793}}
{"target": 0.9034565355325406, "params": {"act": 0.0, "b": 17.462885007879642}, "datetime": {"datetime": "2023-12-06 20:03:03", "elapsed": 1421.419121, "delta": 31.50759}}
{"target": 0.9195805576201964, "params": {"act": 2.686900655059858, "b": 23.318960950391432}, "datetime": {"datetime": "2023-12-06 20:03:28", "elapsed": 1446.019565, "delta": 24.600444}}
{"target": 0.8540762154235952, "params": {"act": 2.99, "b": 263.39614070786706}, "datetime": {"datetime": "2023-12-06 20:03:33", "elapsed": 1450.979707, "delta": 4.960142}}
{"target": 0.8890088889151853, "params": {"act": 0.0, "b": 26.807018184502926}, "datetime": {"datetime": "2023-12-06 20:03:54", "elapsed": 1472.204811, "delta": 21.225104}}
{"target": 0.8933475399660956, "params": {"act": 0.13859018650281166, "b": 78.31686389738648}, "datetime": {"datetime": "2023-12-06 20:04:03", "elapsed": 1481.503236, "delta": 9.298425}}
{"target": 0.8762549309412806, "params": {"act": 1.8758335734230862, "b": 24.082176301915815}, "datetime": {"datetime": "2023-12-06 20:04:27", "elapsed": 1505.214381, "delta": 23.711145}}
{"target": 0.7555854884103428, "params": {"act": 0.0, "b": 572.8611170692682}, "datetime": {"datetime": "2023-12-06 20:04:30", "elapsed": 1508.492659, "delta": 3.278278}}
{"target": 0.6922044311317536, "params": {"act": 0.07546506243639545, "b": 902.9265491952249}, "datetime": {"datetime": "2023-12-06 20:04:33", "elapsed": 1511.32977, "delta": 2.837111}}
{"target": 0.7236949451374916, "params": {"act": 0.10745537794316129, "b": 815.890661403032}, "datetime": {"datetime": "2023-12-06 20:04:36", "elapsed": 1514.284161, "delta": 2.954391}}
{"target": 0.7243291899221022, "params": {"act": 0.8665621427977018, "b": 827.3211959802633}, "datetime": {"datetime": "2023-12-06 20:04:39", "elapsed": 1517.127046, "delta": 2.842885}}
{"target": 0.7629692751172462, "params": {"act": 2.915324235030928, "b": 772.1901022153675}, "datetime": {"datetime": "2023-12-06 20:04:42", "elapsed": 1520.098279, "delta": 2.971233}}
{"target": 0.8328598598775023, "params": {"act": 2.99, "b": 384.9957284734947}, "datetime": {"datetime": "2023-12-06 20:04:46", "elapsed": 1523.912832, "delta": 3.814553}}
{"target": 0.8255380212915681, "params": {"act": 2.843601443701315, "b": 457.16298681382045}, "datetime": {"datetime": "2023-12-06 20:04:49", "elapsed": 1527.565207, "delta": 3.652375}}
{"target": 0.7836820083199219, "params": {"act": 2.970489058953983, "b": 304.29154935081255}, "datetime": {"datetime": "2023-12-06 20:04:54", "elapsed": 1531.947066, "delta": 4.381859}}
{"target": 0.781800800083658, "params": {"act": 2.9812940268083303, "b": 648.1537010160208}, "datetime": {"datetime": "2023-12-06 20:04:57", "elapsed": 1535.158562, "delta": 3.211496}}
{"target": 0.8485546827265145, "params": {"act": 2.955602214628209, "b": 295.74314156283543}, "datetime": {"datetime": "2023-12-06 20:05:01", "elapsed": 1539.57666, "delta": 4.418098}}
{"target": 0.5951026899162819, "params": {"act": 0.0, "b": 844.9439074141446}, "datetime": {"datetime": "2023-12-06 20:05:04", "elapsed": 1542.477019, "delta": 2.900359}}
{"target": 0.8498491224911424, "params": {"act": 2.957782681080222, "b": 268.558993230891}, "datetime": {"datetime": "2023-12-06 20:05:09", "elapsed": 1547.220863, "delta": 4.743844}}
{"target": 0.7826901950695495, "params": {"act": 2.8675733956110285, "b": 693.7691833582064}, "datetime": {"datetime": "2023-12-06 20:05:12", "elapsed": 1550.293227, "delta": 3.072364}}
{"target": 0.8186746281402394, "params": {"act": 2.99, "b": 389.48238818817293}, "datetime": {"datetime": "2023-12-06 20:05:16", "elapsed": 1554.15796, "delta": 3.864733}}
{"target": 0.7713324702126384, "params": {"act": 2.8944280525570623, "b": 728.1039314072186}, "datetime": {"datetime": "2023-12-06 20:05:19", "elapsed": 1557.210821, "delta": 3.052861}}
{"target": 0.807801810122602, "params": {"act": 0.11272611701667738, "b": 339.67949955401593}, "datetime": {"datetime": "2023-12-06 20:05:23", "elapsed": 1561.376556, "delta": 4.165735}}
{"target": 0.8743195121425009, "params": {"act": 2.99, "b": 160.99813609854593}, "datetime": {"datetime": "2023-12-06 20:05:29", "elapsed": 1567.321104, "delta": 5.944548}}
{"target": 0.7664568930480582, "params": {"act": 2.9574027248980714, "b": 679.1974263275029}, "datetime": {"datetime": "2023-12-06 20:05:32", "elapsed": 1570.481112, "delta": 3.160008}}
{"target": 0.8403522306576935, "params": {"act": 2.99, "b": 282.39065521364734}, "datetime": {"datetime": "2023-12-06 20:05:37", "elapsed": 1574.937929, "delta": 4.456817}}
{"target": 0.8476634632093806, "params": {"act": 2.8937861310013857, "b": 254.0432891188217}, "datetime": {"datetime": "2023-12-06 20:05:41", "elapsed": 1579.543476, "delta": 4.605547}}
{"target": 0.7362258402527726, "params": {"act": 0.010179894045390329, "b": 580.6322072125361}, "datetime": {"datetime": "2023-12-06 20:05:45", "elapsed": 1582.870647, "delta": 3.327171}}
{"target": 0.7912361575592984, "params": {"act": 2.861051854505781, "b": 591.8010308767313}, "datetime": {"datetime": "2023-12-06 20:05:48", "elapsed": 1586.11127, "delta": 3.240623}}
{"target": 0.8189782085065491, "params": {"act": 0.021477651186974443, "b": 352.2641138370736}, "datetime": {"datetime": "2023-12-06 20:05:52", "elapsed": 1590.220089, "delta": 4.108819}}
{"target": 0.8574103697377154, "params": {"act": 2.8055459422480657, "b": 239.795289077795}, "datetime": {"datetime": "2023-12-06 20:05:57", "elapsed": 1595.039572, "delta": 4.819483}}
{"target": 0.8557010454265264, "params": {"act": 0.09029089321319224, "b": 182.95170444016756}, "datetime": {"datetime": "2023-12-06 20:06:02", "elapsed": 1600.50046, "delta": 5.460888}}
{"target": 0.9064908079962057, "params": {"act": 2.981462677277485, "b": 22.843969787480866}, "datetime": {"datetime": "2023-12-06 20:06:28", "elapsed": 1626.409249, "delta": 25.908789}}
{"target": 0.8666746810700194, "params": {"act": 2.5842652308967335, "b": 92.61581958281306}, "datetime": {"datetime": "2023-12-06 20:06:37", "elapsed": 1635.029701, "delta": 8.620452}}
{"target": 0.871144742507361, "params": {"act": 2.2158117306016987, "b": 86.35296754883845}, "datetime": {"datetime": "2023-12-06 20:06:46", "elapsed": 1644.115466, "delta": 9.085765}}
{"target": 0.8844060236126019, "params": {"act": 2.827661192638289, "b": 98.69642818089937}, "datetime": {"datetime": "2023-12-06 20:06:54", "elapsed": 1652.231118, "delta": 8.115652}}
{"target": 0.8556786234024761, "params": {"act": 2.99, "b": 216.87075656154067}, "datetime": {"datetime": "2023-12-06 20:06:59", "elapsed": 1657.388547, "delta": 5.157429}}
{"target": 0.8726505139358889, "params": {"act": 0.12080547089170257, "b": 130.87676970203225}, "datetime": {"datetime": "2023-12-06 20:07:06", "elapsed": 1664.025146, "delta": 6.636599}}
{"target": 0.9276367713475407, "params": {"act": 2.871643607657696, "b": 16.76752335616556}, "datetime": {"datetime": "2023-12-06 20:07:40", "elapsed": 1697.897585, "delta": 33.872439}}
{"target": 0.9166863207165938, "params": {"act": 2.9839620104384847, "b": 16.054372769688925}, "datetime": {"datetime": "2023-12-06 20:08:14", "elapsed": 1732.251522, "delta": 34.353937}}
{"target": 0.9332920349829269, "params": {"act": 2.685909035232579, "b": 17.032561016125364}, "datetime": {"datetime": "2023-12-06 20:08:47", "elapsed": 1765.018527, "delta": 32.767005}}
{"target": 0.8072472441661744, "params": {"act": 2.963100009545982, "b": 517.2436890783662}, "datetime": {"datetime": "2023-12-06 20:08:50", "elapsed": 1768.526082, "delta": 3.507555}}
{"target": 0.9302585177961588, "params": {"act": 2.8820240179517005, "b": 17.381923468012616}, "datetime": {"datetime": "2023-12-06 20:09:24", "elapsed": 1801.721971, "delta": 33.195889}}
{"target": 0.9176431401038551, "params": {"act": 2.7603766999933876, "b": 17.009189830628166}, "datetime": {"datetime": "2023-12-06 20:09:56", "elapsed": 1834.343834, "delta": 32.621863}}
{"target": 0.9317476601643968, "params": {"act": 2.9771071596767533, "b": 18.261712034316155}, "datetime": {"datetime": "2023-12-06 20:10:27", "elapsed": 1865.41629, "delta": 31.072456}}
{"target": 0.8906845180892928, "params": {"act": 2.926885284633158, "b": 17.816992302593967}, "datetime": {"datetime": "2023-12-06 20:11:00", "elapsed": 1898.404539, "delta": 32.988249}}
{"target": 0.8878364149467067, "params": {"act": 0.0, "b": 36.32127109069334}, "datetime": {"datetime": "2023-12-06 20:11:17", "elapsed": 1915.501806, "delta": 17.097267}}
{"target": 0.8288646396646866, "params": {"act": 2.9088169261295023, "b": 432.02648767011317}, "datetime": {"datetime": "2023-12-06 20:11:21", "elapsed": 1919.26258, "delta": 3.760774}}
{"target": 0.8674781741226649, "params": {"act": 0.08625897886255927, "b": 90.84643081891934}, "datetime": {"datetime": "2023-12-06 20:11:30", "elapsed": 1927.944422, "delta": 8.681842}}
{"target": 0.7498964655301886, "params": {"act": 2.9271850613538666, "b": 716.0041164608418}, "datetime": {"datetime": "2023-12-06 20:11:33", "elapsed": 1931.072678, "delta": 3.128256}}
