{"target": 0.7708674438890338, "params": {"act": 2.926558015053096, "b": 668.5176741081383}, "datetime": {"datetime": "2023-12-06 20:11:36", "elapsed": 1934.317677, "delta": 3.244999}}
{"target": 0.8756615698789751, "params": {"act": 0.030387943333722002, "b": 116.38324703888331}, "datetime": {"datetime": "2023-12-06 20:11:43", "elapsed": 1941.587296, "delta": 7.269619}}
{"target": 0.8063731280433029, "params": {"act": 2.99, "b": 525.6932188166253}, "datetime": {"datetime": "2023-12-06 20:11:47", "elapsed": 1945.048081, "delta": 3.460785}}
{"target": 0.8649930363023435, "params": {"act": 1.611834919821644, "b": 45.4789906490656}, "datetime": {"datetime": "2023-12-06 20:12:01", "elapsed": 1959.388572, "delta": 14.340491}}
{"target": 0.8273381418330519, "params": {"act": 0.0, "b": 310.4615656226844}, "datetime": {"datetime": "2023-12-06 20:12:05", "elapsed": 1963.656398, "delta": 4.267826}}
{"target": 0.761754648873827, "params": {"act": 2.940555845015493, "b": 704.4903238131649}, "datetime": {"datetime": "2023-12-06 20:12:09", "elapsed": 1966.786255, "delta": 3.129857}}
{"target": 0.8011460983120513, "params": {"act": 0.04493937889235683, "b": 456.5201654908177}, "datetime": {"datetime": "2023-12-06 20:12:12", "elapsed": 1970.425568, "delta": 3.639313}}
{"target": 0.678959922338817, "params": {"act": 0.14657565688757374, "b": 634.4677126306883}, "datetime": {"datetime": "2023-12-06 20:12:15", "elapsed": 1973.660388, "delta": 3.23482}}
{"target": 0.7794589867917401, "params": {"act": 2.9572396441614615, "b": 624.8371087841957}, "datetime": {"datetime": "2023-12-06 20:12:19", "elapsed": 1976.992185, "delta": 3.331797}}
{"target": 0.8721948041194908, "params": {"act": 0.10394822446165386, "b": 49.002906588235085}, "datetime": {"datetime": "2023-12-06 20:12:32", "elapsed": 1990.298426, "delta": 13.306241}}
{"target": 0.802585272256068, "params": {"act": 2.741870298562295, "b": 496.30946237627114}, "datetime": {"datetime": "2023-12-06 20:12:36", "elapsed": 1993.870091, "delta": 3.571665}}
{"target": 0.8510558738094971, "params": {"act": 0.0, "b": 255.3421718314268}, "datetime": {"datetime": "2023-12-06 20:12:40", "elapsed": 1998.491511, "delta": 4.62142}}
{"target": 0.8298202472374628, "params": {"act": 2.947206068153482, "b": 427.0462857326474}, "datetime": {"datetime": "2023-12-06 20:12:44", "elapsed": 2002.204115, "delta": 3.712604}}
{"target": 0.8996585155623766, "params": {"act": 2.99, "b": 47.066217632419686}, "datetime": {"datetime": "2023-12-06 20:12:58", "elapsed": 2016.174557, "delta": 13.970442}}
{"target": 0.8560891669356309, "params": {"act": 0.09041279981978555, "b": 209.63123911348984}, "datetime": {"datetime": "2023-12-06 20:13:03", "elapsed": 2021.467199, "delta": 5.292642}}
{"target": 0.8655724092942234, "params": {"act": 2.8952485133829073, "b": 138.87276913322108}, "datetime": {"datetime": "2023-12-06 20:13:10", "elapsed": 2028.361886, "delta": 6.894687}}
{"target": 0.869173585211217, "params": {"act": 2.99, "b": 125.27912424502517}, "datetime": {"datetime": "2023-12-06 20:13:17", "elapsed": 2035.47658, "delta": 7.114694}}
{"target": 0.792007254496766, "params": {"act": 0.013852407632865944, "b": 471.68637751529087}, "datetime": {"datetime": "2023-12-06 20:13:21", "elapsed": 2039.224254, "delta": 3.747674}}
{"target": 0.8014594486837698, "params": {"act": 2.953355931281683, "b": 501.9391141008038}, "datetime": {"datetime": "2023-12-06 20:13:25", "elapsed": 2042.798209, "delta": 3.573955}}
{"target": 0.8857540036622069, "params": {"act": 0.06550094213767663, "b": 40.9311748201235}, "datetime": {"datetime": "2023-12-06 20:13:40", "elapsed": 2058.348336, "delta": 15.550127}}
{"target": 0.8254219869302215, "params": {"act": 0.0, "b": 382.7202194094484}, "datetime": {"datetime": "2023-12-06 20:13:44", "elapsed": 2062.250025, "delta": 3.901689}}
{"target": 0.8180869909396575, "params": {"act": 2.9807846271608724, "b": 43.04003255866908}, "datetime": {"datetime": "2023-12-06 20:13:59", "elapsed": 2076.962111, "delta": 14.712086}}
{"target": 0.9099999903159729, "params": {"act": 2.934741630302715, "b": 38.14988038353673}, "datetime": {"datetime": "2023-12-06 20:14:16", "elapsed": 2094.116232, "delta": 17.154121}}
{"target": 0.6779268748296476, "params": {"act": 0.01242343407027448, "b": 753.6148798056131}, "datetime": {"datetime": "2023-12-06 20:14:19", "elapsed": 2097.283094, "delta": 3.166862}}
{"target": 0.8462672294380831, "params": {"act": 0.0, "b": 275.89845186647665}, "datetime": {"datetime": "2023-12-06 20:14:24", "elapsed": 2102.185803, "delta": 4.902709}}
{"target": 0.8227927671581311, "params": {"act": 2.971145957786767, "b": 356.4257550533649}, "datetime": {"datetime": "2023-12-06 20:14:28", "elapsed": 2106.379998, "delta": 4.194195}}
{"target": 0.7156785932231623, "params": {"act": 0.018326843835099305, "b": 881.5596972858272}, "datetime": {"datetime": "2023-12-06 20:14:31", "elapsed": 2109.22234, "delta": 2.842342}}
{"target": 0.7676696231438502, "params": {"act": 0.05801435006688276, "b": 602.0781304527118}, "datetime": {"datetime": "2023-12-06 20:14:34", "elapsed": 2112.54106, "delta": 3.31872}}
{"target": 0.8068635561313853, "params": {"act": 0.0334223118359602, "b": 394.1580282786776}, "datetime": {"datetime": "2023-12-06 20:14:38", "elapsed": 2116.441108, "delta": 3.900048}}
{"target": 0.8698308110609447, "params": {"act": 0.011669608000883135, "b": 201.76356961445433}, "datetime": {"datetime": "2023-12-06 20:14:44", "elapsed": 2121.79165, "delta": 5.350542}}
{"target": 0.7773386220108514, "params": {"act": 2.99, "b": 656.7969054819142}, "datetime": {"datetime": "2023-12-06 20:14:47", "elapsed": 2124.976668, "delta": 3.185018}}
{"target": 0.852165974507138, "params": {"act": 2.9588038622772523, "b": 173.6290314649177}, "datetime": {"datetime": "2023-12-06 20:14:53", "elapsed": 2130.797279, "delta": 5.820611}}
{"target": 0.824694987300864, "params": {"act": 0.032309004074906666, "b": 343.3361438944536}, "datetime": {"datetime": "2023-12-06 20:14:57", "elapsed": 2135.043783, "delta": 4.246504}}
{"target": 0.8155029804777826, "params": {"act": 2.973877050812514, "b": 407.93458529481074}, "datetime": {"datetime": "2023-12-06 20:15:01", "elapsed": 2138.989252, "delta": 3.945469}}
{"target": 0.8640215998673912, "params": {"act": 2.7836888049156308, "b": 167.50956749494804}, "datetime": {"datetime": "2023-12-06 20:15:07", "elapsed": 2145.039826, "delta": 6.050574}}
{"target": 0.8525333461710252, "params": {"act": 0.0008455345048771358, "b": 160.9039217335113}, "datetime": {"datetime": "2023-12-06 20:15:13", "elapsed": 2151.145398, "delta": 6.105572}}
{"target": 0.8343905733882597, "params": {"act": 0.0, "b": 240.88725870211823}, "datetime": {"datetime": "2023-12-06 20:15:18", "elapsed": 2156.14095, "delta": 4.995552}}
{"target": 0.8565627701585056, "params": {"act": 1.8364749073971052, "b": 39.04936286522059}, "datetime": {"datetime": "2023-12-06 20:15:34", "elapsed": 2172.112091, "delta": 15.971141}}
{"target": 0.6392187300554952, "params": {"act": 0.2125486001125955, "b": 947.2621528202448}, "datetime": {"datetime": "2023-12-06 20:15:37", "elapsed": 2175.053363, "delta": 2.941272}}
{"target": 0.844449829127068, "params": {"act": 2.99, "b": 336.837683884957}, "datetime": {"datetime": "2023-12-06 20:15:41", "elapsed": 2179.274411, "delta": 4.221048}}
{"target": 0.8505276054812996, "params": {"act": 2.562202979418812, "b": 224.23599241960346}, "datetime": {"datetime": "2023-12-06 20:15:46", "elapsed": 2184.218696, "delta": 4.944285}}
{"target": 0.7927058066906635, "params": {"act": 0.019401072837551436, "b": 423.2060674203312}, "datetime": {"datetime": "2023-12-06 20:15:50", "elapsed": 2187.96383, "delta": 3.745134}}
{"target": 0.836721253697519, "params": {"act": 2.9646939515543487, "b": 312.4409351142034}, "datetime": {"datetime": "2023-12-06 20:15:54", "elapsed": 2192.544802, "delta": 4.580972}}
{"target": 0.7875416703617337, "params": {"act": 0.014599929492258341, "b": 434.3603999725411}, "datetime": {"datetime": "2023-12-06 20:15:58", "elapsed": 2196.264084, "delta": 3.719282}}
{"target": 0.8537489097441782, "params": {"act": 2.9500107634544612, "b": 232.07025775635884}, "datetime": {"datetime": "2023-12-06 20:16:03", "elapsed": 2201.316532, "delta": 5.052448}}
{"target": 0.7942365724313131, "params": {"act": 0.17143883408761534, "b": 466.9972029321873}, "datetime": {"datetime": "2023-12-06 20:16:07", "elapsed": 2204.980409, "delta": 3.663877}}
{"target": 0.8419611601612523, "params": {"act": 0.04542824457422203, "b": 283.86503403836804}, "datetime": {"datetime": "2023-12-06 20:16:11", "elapsed": 2209.517011, "delta": 4.536602}}
{"target": 0.8209180766820807, "params": {"act": 2.9886431392604043, "b": 453.40673221895923}, "datetime": {"datetime": "2023-12-06 20:16:15", "elapsed": 2213.342594, "delta": 3.825583}}
{"target": 0.8125315355127466, "params": {"act": 0.11197670448579146, "b": 403.7066530122501}, "datetime": {"datetime": "2023-12-06 20:16:19", "elapsed": 2217.197271, "delta": 3.854677}}
{"target": 0.7917560129366369, "params": {"act": 2.9833485651407883, "b": 617.8097052563684}, "datetime": {"datetime": "2023-12-06 20:16:22", "elapsed": 2220.516757, "delta": 3.319486}}
{"target": 0.8897825048007798, "params": {"act": 2.139702259832796, "b": 72.84344620065903}, "datetime": {"datetime": "2023-12-06 20:16:32", "elapsed": 2230.559939, "delta": 10.043182}}
{"target": 0.7101320898343845, "params": {"act": 0.017753388891641263, "b": 505.3409705412889}, "datetime": {"datetime": "2023-12-06 20:16:36", "elapsed": 2234.46659, "delta": 3.906651}}
{"target": 0.8432151591936966, "params": {"act": 1.3719788611698343, "b": 63.081943676400634}, "datetime": {"datetime": "2023-12-06 20:16:47", "elapsed": 2245.43551, "delta": 10.96892}}
{"target": 0.7465578959368624, "params": {"act": 2.9535364886258946, "b": 380.64499962711204}, "datetime": {"datetime": "2023-12-06 20:16:51", "elapsed": 2249.566946, "delta": 4.131436}}
{"target": 0.7863443159933685, "params": {"act": 2.9547127203695625, "b": 569.3752100385777}, "datetime": {"datetime": "2023-12-06 20:16:55", "elapsed": 2253.009124, "delta": 3.442178}}
{"target": 0.7076670976117962, "params": {"act": 0.010278138036241688, "b": 731.0288202224717}, "datetime": {"datetime": "2023-12-06 20:16:58", "elapsed": 2256.099113, "delta": 3.089989}}
{"target": 0.7983666130865582, "params": {"act": 2.962706701773214, "b": 512.5018239367589}, "datetime": {"datetime": "2023-12-06 20:17:01", "elapsed": 2259.67167, "delta": 3.572557}}
{"target": 0.6571681536985897, "params": {"act": 0.01080395636280421, "b": 1009.3500806537043}, "datetime": {"datetime": "2023-12-06 20:17:04", "elapsed": 2262.47041, "delta": 2.79874}}
{"target": 0.7212146670010903, "params": {"act": 0.0, "b": 775.2213985460901}, "datetime": {"datetime": "2023-12-06 20:17:07", "elapsed": 2265.510425, "delta": 3.040015}}
{"target": 0.8803925936070071, "params": {"act": 0.10922410483960412, "b": 66.4970772596637}, "datetime": {"datetime": "2023-12-06 20:17:18", "elapsed": 2276.182334, "delta": 10.671909}}
{"target": 0.7441576458079424, "params": {"act": 2.862224018626337, "b": 923.4481757235357}, "datetime": {"datetime": "2023-12-06 20:17:21", "elapsed": 2279.131182, "delta": 2.948848}}
{"target": 0.8532764149387321, "params": {"act": 0.0, "b": 194.77379109217165}, "datetime": {"datetime": "2023-12-06 20:17:26", "elapsed": 2284.654004, "delta": 5.522822}}
{"target": 0.8380932895733147, "params": {"act": 0.046582743493267145, "b": 297.40623087943743}, "datetime": {"datetime": "2023-12-06 20:17:31", "elapsed": 2289.07005, "delta": 4.416046}}
{"target": 0.7422720619187094, "params": {"act": 0.04767132340373456, "b": 707.5486566234239}, "datetime": {"datetime": "2023-12-06 20:17:34", "elapsed": 2292.274562, "delta": 3.204512}}
{"target": 0.7199062905204024, "params": {"act": 0.0034052478545228016, "b": 784.0839356324259}, "datetime": {"datetime": "2023-12-06 20:17:37", "elapsed": 2295.272185, "delta": 2.997623}}
